This file contains any messages produced by compilers while
running configure, to aid debugging if configure makes a mistake.

It was created by shabdarth configure 0.1.1, which was
generated by GNU Autoconf 2.68.  Invocation command line was

  $ /home/placement/shabdarth/configure --enable-maintainer-mode CFLAGS=-g -O0 CXXFLAGS=-g -O0 JFLAGS=-g -O0 FFLAGS=-g -O0

## --------- ##
## Platform. ##
## --------- ##

hostname = updesh-desktop
uname -m = x86_64
uname -r = 3.2.0-37-generic
uname -s = Linux
uname -v = #58-Ubuntu SMP Thu Jan 24 15:28:10 UTC 2013

/usr/bin/uname -p = unknown
/bin/uname -X     = unknown

/bin/arch              = unknown
/usr/bin/arch -k       = unknown
/usr/convex/getsysinfo = unknown
/usr/bin/hostinfo      = unknown
/bin/machine           = unknown
/usr/bin/oslevel       = unknown
/bin/universe          = unknown

PATH: /usr/lib/lightdm/lightdm
PATH: /usr/local/sbin
PATH: /usr/local/bin
PATH: /usr/sbin
PATH: /usr/bin
PATH: /sbin
PATH: /bin
PATH: /usr/games


## ----------- ##
## Core tests. ##
## ----------- ##

configure:1831: checking for a BSD-compatible install
configure:1899: result: /usr/bin/install -c
configure:1910: checking whether build environment is sane
configure:1960: result: yes
configure:2101: checking for a thread-safe mkdir -p
configure:2140: result: /bin/mkdir -p
configure:2153: checking for gawk
configure:2169: found /usr/bin/gawk
configure:2180: result: gawk
configure:2191: checking whether make sets $(MAKE)
configure:2213: result: yes
configure:2305: checking whether make supports nested variables
configure:2322: result: yes
configure:2382: checking for gcc
configure:2398: found /usr/bin/gcc
configure:2409: result: gcc
configure:2638: checking for C compiler version
configure:2647: gcc --version >&5
gcc (Ubuntu/Linaro 4.6.3-1ubuntu5) 4.6.3
Copyright (C) 2011 Free Software Foundation, Inc.
This is free software; see the source for copying conditions.  There is NO
warranty; not even for MERCHANTABILITY or FITNESS FOR A PARTICULAR PURPOSE.

configure:2658: $? = 0
configure:2647: gcc -v >&5
Using built-in specs.
COLLECT_GCC=gcc
COLLECT_LTO_WRAPPER=/usr/lib/gcc/x86_64-linux-gnu/4.6/lto-wrapper
Target: x86_64-linux-gnu
Configured with: ../src/configure -v --with-pkgversion='Ubuntu/Linaro 4.6.3-1ubuntu5' --with-bugurl=file:///usr/share/doc/gcc-4.6/README.Bugs --enable-languages=c,c++,fortran,objc,obj-c++ --prefix=/usr --program-suffix=-4.6 --enable-shared --enable-linker-build-id --with-system-zlib --libexecdir=/usr/lib --without-included-gettext --enable-threads=posix --with-gxx-include-dir=/usr/include/c++/4.6 --libdir=/usr/lib --enable-nls --with-sysroot=/ --enable-clocale=gnu --enable-libstdcxx-debug --enable-libstdcxx-time=yes --enable-gnu-unique-object --enable-plugin --enable-objc-gc --disable-werror --with-arch-32=i686 --with-tune=generic --enable-checking=release --build=x86_64-linux-gnu --host=x86_64-linux-gnu --target=x86_64-linux-gnu
Thread model: posix
gcc version 4.6.3 (Ubuntu/Linaro 4.6.3-1ubuntu5) 
configure:2658: $? = 0
configure:2647: gcc -V >&5
gcc: error: unrecognized option '-V'
gcc: fatal error: no input files
compilation terminated.
configure:2658: $? = 4
configure:2647: gcc -qversion >&5
gcc: error: unrecognized option '-qversion'
gcc: fatal error: no input files
compilation terminated.
configure:2658: $? = 4
configure:2678: checking whether the C compiler works
configure:2700: gcc -g -O0   conftest.c  >&5
configure:2704: $? = 0
configure:2752: result: yes
configure:2755: checking for C compiler default output file name
configure:2757: result: a.out
configure:2763: checking for suffix of executables
configure:2770: gcc -o conftest -g -O0   conftest.c  >&5
configure:2774: $? = 0
configure:2796: result: 
configure:2818: checking whether we are cross compiling
configure:2826: gcc -o conftest -g -O0   conftest.c  >&5
configure:2830: $? = 0
configure:2837: ./conftest
configure:2841: $? = 0
configure:2856: result: no
configure:2861: checking for suffix of object files
configure:2883: gcc -c -g -O0  conftest.c >&5
configure:2887: $? = 0
configure:2908: result: o
configure:2912: checking whether we are using the GNU C compiler
configure:2931: gcc -c -g -O0  conftest.c >&5
configure:2931: $? = 0
configure:2940: result: yes
configure:2949: checking whether gcc accepts -g
configure:2969: gcc -c -g  conftest.c >&5
configure:2969: $? = 0
configure:3010: result: yes
configure:3027: checking for gcc option to accept ISO C89
configure:3091: gcc  -c -g -O0  conftest.c >&5
configure:3091: $? = 0
configure:3104: result: none needed
configure:3135: checking for style of include used by make
configure:3163: result: GNU
configure:3189: checking dependency style of gcc
configure:3300: result: gcc3
configure:3377: checking for pkg-config
configure:3395: found /usr/bin/pkg-config
configure:3407: result: /usr/bin/pkg-config
configure:3432: checking pkg-config is at least version 0.9.0
configure:3435: result: yes
configure:3445: checking for SHABDARTH
configure:3452: $PKG_CONFIG --exists --print-errors "gtk+-3.0 >= 2.90.3 glib-2.0"
configure:3455: $? = 0
configure:3469: $PKG_CONFIG --exists --print-errors "gtk+-3.0 >= 2.90.3 glib-2.0"
configure:3472: $? = 0
configure:3530: result: yes
configure:3670: creating ./config.status

## ---------------------- ##
## Running config.status. ##
## ---------------------- ##

This file was extended by shabdarth config.status 0.1.1, which was
generated by GNU Autoconf 2.68.  Invocation command line was

  CONFIG_FILES    = 
  CONFIG_HEADERS  = 
  CONFIG_LINKS    = 
  CONFIG_COMMANDS = 
  $ ./config.status 

on updesh-desktop

config.status:859: creating Makefile
config.status:859: creating src/Makefile
config.status:859: creating config.h
config.status:1073: executing depfiles commands
configure:4997: WARNING: unrecognized options: --enable-maintainer-mode

## ---------------- ##
## Cache variables. ##
## ---------------- ##

ac_cv_c_compiler_gnu=yes
ac_cv_env_CC_set=
ac_cv_env_CC_value=
ac_cv_env_CFLAGS_set=set
ac_cv_env_CFLAGS_value='-g -O0'
ac_cv_env_CPPFLAGS_set=
ac_cv_env_CPPFLAGS_value=
ac_cv_env_LDFLAGS_set=
ac_cv_env_LDFLAGS_value=
ac_cv_env_LIBS_set=
ac_cv_env_LIBS_value=
ac_cv_env_PKG_CONFIG_LIBDIR_set=
ac_cv_env_PKG_CONFIG_LIBDIR_value=
ac_cv_env_PKG_CONFIG_PATH_set=
ac_cv_env_PKG_CONFIG_PATH_value=
ac_cv_env_PKG_CONFIG_set=
ac_cv_env_PKG_CONFIG_value=
ac_cv_env_SHABDARTH_CFLAGS_set=
ac_cv_env_SHABDARTH_CFLAGS_value=
ac_cv_env_SHABDARTH_LIBS_set=
ac_cv_env_SHABDARTH_LIBS_value=
ac_cv_env_build_alias_set=
ac_cv_env_build_alias_value=
ac_cv_env_host_alias_set=
ac_cv_env_host_alias_value=
ac_cv_env_target_alias_set=
ac_cv_env_target_alias_value=
ac_cv_objext=o
ac_cv_path_ac_pt_PKG_CONFIG=/usr/bin/pkg-config
ac_cv_path_install='/usr/bin/install -c'
ac_cv_path_mkdir=/bin/mkdir
ac_cv_prog_AWK=gawk
ac_cv_prog_ac_ct_CC=gcc
ac_cv_prog_cc_c89=
ac_cv_prog_cc_g=yes
ac_cv_prog_make_make_set=yes
am_cv_CC_dependencies_compiler_type=gcc3
am_cv_make_support_nested_variables=yes
pkg_cv_SHABDARTH_CFLAGS='-pthread -I/usr/include/gtk-3.0 -I/usr/include/pango-1.0 -I/usr/include/gio-unix-2.0/ -I/usr/include/atk-1.0 -I/usr/include/cairo -I/usr/include/gdk-pixbuf-2.0 -I/usr/include/freetype2 -I/usr/include/glib-2.0 -I/usr/lib/x86_64-linux-gnu/glib-2.0/include -I/usr/include/pixman-1 -I/usr/include/libpng12  '
pkg_cv_SHABDARTH_LIBS='-lgtk-3 -lgdk-3 -latk-1.0 -lgio-2.0 -lpangocairo-1.0 -lgdk_pixbuf-2.0 -lcairo-gobject -lpango-1.0 -lcairo -lgobject-2.0 -lglib-2.0  '

## ----------------- ##
## Output variables. ##
## ----------------- ##

ACLOCAL='${SHELL} /home/placement/shabdarth/missing --run aclocal-1.11'
AMDEPBACKSLASH='\'
AMDEP_FALSE='#'
AMDEP_TRUE=''
AMTAR='$${TAR-tar}'
AM_BACKSLASH='\'
AM_DEFAULT_V='$(AM_DEFAULT_VERBOSITY)'
AM_DEFAULT_VERBOSITY='0'
AM_V='$(V)'
AUTOCONF='${SHELL} /home/placement/shabdarth/missing --run autoconf'
AUTOHEADER='${SHELL} /home/placement/shabdarth/missing --run autoheader'
AUTOMAKE='${SHELL} /home/placement/shabdarth/missing --run automake-1.11'
AWK='gawk'
CC='gcc'
CCDEPMODE='depmode=gcc3'
CFLAGS='-g -O0'
CPPFLAGS=''
CYGPATH_W='echo'
DEFS='-DHAVE_CONFIG_H'
DEPDIR='.deps'
ECHO_C=''
ECHO_N='-n'
ECHO_T=''
EXEEXT=''
INSTALL_DATA='${INSTALL} -m 644'
INSTALL_PROGRAM='${INSTALL}'
INSTALL_SCRIPT='${INSTALL}'
INSTALL_STRIP_PROGRAM='$(install_sh) -c -s'
LDFLAGS=''
LIBOBJS=''
LIBS=''
LTLIBOBJS=''
MAKEINFO='${SHELL} /home/placement/shabdarth/missing --run makeinfo'
MKDIR_P='/bin/mkdir -p'
OBJEXT='o'
PACKAGE='shabdarth'
PACKAGE_BUGREPORT=''
PACKAGE_NAME='shabdarth'
PACKAGE_STRING='shabdarth 0.1.1'
PACKAGE_TARNAME='shabdarth'
PACKAGE_URL=''
PACKAGE_VERSION='0.1.1'
PATH_SEPARATOR=':'
PKG_CONFIG='/usr/bin/pkg-config'
PKG_CONFIG_LIBDIR=''
PKG_CONFIG_PATH=''
SET_MAKE=''
SHABDARTH_CFLAGS='-pthread -I/usr/include/gtk-3.0 -I/usr/include/pango-1.0 -I/usr/include/gio-unix-2.0/ -I/usr/include/atk-1.0 -I/usr/include/cairo -I/usr/include/gdk-pixbuf-2.0 -I/usr/include/freetype2 -I/usr/include/glib-2.0 -I/usr/lib/x86_64-linux-gnu/glib-2.0/include -I/usr/include/pixman-1 -I/usr/include/libpng12  '
SHABDARTH_LIBS='-lgtk-3 -lgdk-3 -latk-1.0 -lgio-2.0 -lpangocairo-1.0 -lgdk_pixbuf-2.0 -lcairo-gobject -lpango-1.0 -lcairo -lgobject-2.0 -lglib-2.0  '
SHELL='/bin/bash'
STRIP=''
VERSION='0.1.1'
ac_ct_CC='gcc'
am__EXEEXT_FALSE=''
am__EXEEXT_TRUE='#'
am__fastdepCC_FALSE='#'
am__fastdepCC_TRUE=''
am__include='include'
am__isrc=' -I$(srcdir)'
am__leading_dot='.'
am__nodep='_no'
am__quote=''
am__tar='$${TAR-tar} chof - "$$tardir"'
am__untar='$${TAR-tar} xf -'
bindir='${exec_prefix}/bin'
build_alias=''
datadir='${datarootdir}'
datarootdir='${prefix}/share'
docdir='${datarootdir}/doc/${PACKAGE_TARNAME}'
dvidir='${docdir}'
exec_prefix='${prefix}'
host_alias=''
htmldir='${docdir}'
includedir='${prefix}/include'
infodir='${datarootdir}/info'
install_sh='${SHELL} /home/placement/shabdarth/install-sh'
libdir='${exec_prefix}/lib'
libexecdir='${exec_prefix}/libexec'
localedir='${datarootdir}/locale'
localstatedir='${prefix}/var'
mandir='${datarootdir}/man'
mkdir_p='/bin/mkdir -p'
oldincludedir='/usr/include'
pdfdir='${docdir}'
prefix='/usr/local'
program_transform_name='s,x,x,'
psdir='${docdir}'
sbindir='${exec_prefix}/sbin'
sharedstatedir='${prefix}/com'
sysconfdir='${prefix}/etc'
target_alias=''

## ----------- ##
## confdefs.h. ##
## ----------- ##

/* confdefs.h */
#define PACKAGE_NAME "shabdarth"
#define PACKAGE_TARNAME "shabdarth"
#define PACKAGE_VERSION "0.1.1"
#define PACKAGE_STRING "shabdarth 0.1.1"
#define PACKAGE_BUGREPORT ""
#define PACKAGE_URL ""
#define PACKAGE "shabdarth"
#define VERSION "0.1.1"

configure: exit 0
